29-Jan-2018 12:37:57.585 INFO [main] org.apache.catalina.startup.VersionLoggerListener.log Server version:        Apache Tomcat/9.0.0.M19
29-Jan-2018 12:37:57.591 INFO [main] org.apache.catalina.startup.VersionLoggerListener.log Server built:          Mar 27 2017 12:09:59 UTC
29-Jan-2018 12:37:57.592 INFO [main] org.apache.catalina.startup.VersionLoggerListener.log Server number:         9.0.0.0
29-Jan-2018 12:37:57.592 INFO [main] org.apache.catalina.startup.VersionLoggerListener.log OS Name:               Mac OS X
29-Jan-2018 12:37:57.592 INFO [main] org.apache.catalina.startup.VersionLoggerListener.log OS Version:            10.12.6
29-Jan-2018 12:37:57.592 INFO [main] org.apache.catalina.startup.VersionLoggerListener.log Architecture:          x86_64
29-Jan-2018 12:37:57.592 INFO [main] org.apache.catalina.startup.VersionLoggerListener.log Java Home:             /Library/Java/JavaVirtualMachines/jdk1.8.0_121.jdk/Contents/Home/jre
29-Jan-2018 12:37:57.592 INFO [main] org.apache.catalina.startup.VersionLoggerListener.log JVM Version:           1.8.0_121-b13
29-Jan-2018 12:37:57.592 INFO [main] org.apache.catalina.startup.VersionLoggerListener.log JVM Vendor:            Oracle Corporation
29-Jan-2018 12:37:57.592 INFO [main] org.apache.catalina.startup.VersionLoggerListener.log CATALINA_BASE:         /Users/indraniljha/oracle/US-2014-Current/FY18/Work/Internal/Assets/Github/Oracle-Identity-Cloud-Service/demo/contents/resources/tomcat
29-Jan-2018 12:37:57.592 INFO [main] org.apache.catalina.startup.VersionLoggerListener.log CATALINA_HOME:         /Users/indraniljha/oracle/US-2014-Current/FY18/Work/Internal/Assets/Github/Oracle-Identity-Cloud-Service/demo/contents/resources/tomcat
29-Jan-2018 12:37:57.593 INFO [main] org.apache.catalina.startup.VersionLoggerListener.log Command line argument: -Djava.util.logging.config.file=/Users/indraniljha/oracle/US-2014-Current/FY18/Work/Internal/Assets/Github/Oracle-Identity-Cloud-Service/demo/contents/resources/tomcat/conf/logging.properties
29-Jan-2018 12:37:57.593 INFO [main] org.apache.catalina.startup.VersionLoggerListener.log Command line argument: -Djava.util.logging.manager=org.apache.juli.ClassLoaderLogManager
29-Jan-2018 12:37:57.593 INFO [main] org.apache.catalina.startup.VersionLoggerListener.log Command line argument: -Djdk.tls.ephemeralDHKeySize=2048
29-Jan-2018 12:37:57.593 INFO [main] org.apache.catalina.startup.VersionLoggerListener.log Command line argument: -Djava.protocol.handler.pkgs=org.apache.catalina.webresources
29-Jan-2018 12:37:57.593 INFO [main] org.apache.catalina.startup.VersionLoggerListener.log Command line argument: -Dcatalina.base=/Users/indraniljha/oracle/US-2014-Current/FY18/Work/Internal/Assets/Github/Oracle-Identity-Cloud-Service/demo/contents/resources/tomcat
29-Jan-2018 12:37:57.593 INFO [main] org.apache.catalina.startup.VersionLoggerListener.log Command line argument: -Dcatalina.home=/Users/indraniljha/oracle/US-2014-Current/FY18/Work/Internal/Assets/Github/Oracle-Identity-Cloud-Service/demo/contents/resources/tomcat
29-Jan-2018 12:37:57.593 INFO [main] org.apache.catalina.startup.VersionLoggerListener.log Command line argument: -Djava.io.tmpdir=/Users/indraniljha/oracle/US-2014-Current/FY18/Work/Internal/Assets/Github/Oracle-Identity-Cloud-Service/demo/contents/resources/tomcat/temp
29-Jan-2018 12:37:57.594 INFO [main] org.apache.catalina.core.AprLifecycleListener.lifecycleEvent The APR based Apache Tomcat Native library which allows optimal performance in production environments was not found on the java.library.path: /Users/indraniljha/Library/Java/Extensions:/Library/Java/Extensions:/Network/Library/Java/Extensions:/System/Library/Java/Extensions:/usr/lib/java:.
29-Jan-2018 12:37:57.762 INFO [main] org.apache.coyote.AbstractProtocol.init Initializing ProtocolHandler ["http-nio-9095"]
29-Jan-2018 12:37:57.803 INFO [main] org.apache.tomcat.util.net.NioSelectorPool.getSharedSelector Using a shared selector for servlet write/read
29-Jan-2018 12:37:57.805 INFO [main] org.apache.coyote.AbstractProtocol.init Initializing ProtocolHandler ["ajp-nio-8009"]
29-Jan-2018 12:37:57.807 INFO [main] org.apache.tomcat.util.net.NioSelectorPool.getSharedSelector Using a shared selector for servlet write/read
29-Jan-2018 12:37:57.807 INFO [main] org.apache.catalina.startup.Catalina.load Initialization processed in 687 ms
29-Jan-2018 12:37:57.829 INFO [main] org.apache.catalina.core.StandardService.startInternal Starting service Catalina
29-Jan-2018 12:37:57.829 INFO [main] org.apache.catalina.core.StandardEngine.startInternal Starting Servlet Engine: Apache Tomcat/9.0.0.M19
29-Jan-2018 12:37:57.836 INFO [main] org.apache.catalina.startup.HostConfig.deployDirectory Deploying web application directory /Users/indraniljha/oracle/US-2014-Current/FY18/Work/Internal/Assets/Github/Oracle-Identity-Cloud-Service/demo/contents/resources/tomcat/webapps/docs
29-Jan-2018 12:37:58.110 INFO [main] org.apache.catalina.startup.HostConfig.deployDirectory Deployment of web application directory /Users/indraniljha/oracle/US-2014-Current/FY18/Work/Internal/Assets/Github/Oracle-Identity-Cloud-Service/demo/contents/resources/tomcat/webapps/docs has finished in 274 ms
29-Jan-2018 12:37:58.110 INFO [main] org.apache.catalina.startup.HostConfig.deployDirectory Deploying web application directory /Users/indraniljha/oracle/US-2014-Current/FY18/Work/Internal/Assets/Github/Oracle-Identity-Cloud-Service/demo/contents/resources/tomcat/webapps/examples
29-Jan-2018 12:37:58.291 INFO [main] org.apache.catalina.startup.HostConfig.deployDirectory Deployment of web application directory /Users/indraniljha/oracle/US-2014-Current/FY18/Work/Internal/Assets/Github/Oracle-Identity-Cloud-Service/demo/contents/resources/tomcat/webapps/examples has finished in 181 ms
29-Jan-2018 12:37:58.291 INFO [main] org.apache.catalina.startup.HostConfig.deployDirectory Deploying web application directory /Users/indraniljha/oracle/US-2014-Current/FY18/Work/Internal/Assets/Github/Oracle-Identity-Cloud-Service/demo/contents/resources/tomcat/webapps/host-manager
29-Jan-2018 12:37:58.305 INFO [main] org.apache.catalina.startup.HostConfig.deployDirectory Deployment of web application directory /Users/indraniljha/oracle/US-2014-Current/FY18/Work/Internal/Assets/Github/Oracle-Identity-Cloud-Service/demo/contents/resources/tomcat/webapps/host-manager has finished in 14 ms
29-Jan-2018 12:37:58.306 INFO [main] org.apache.catalina.startup.HostConfig.deployDirectory Deploying web application directory /Users/indraniljha/oracle/US-2014-Current/FY18/Work/Internal/Assets/Github/Oracle-Identity-Cloud-Service/demo/contents/resources/tomcat/webapps/manager
29-Jan-2018 12:37:58.320 INFO [main] org.apache.catalina.startup.HostConfig.deployDirectory Deployment of web application directory /Users/indraniljha/oracle/US-2014-Current/FY18/Work/Internal/Assets/Github/Oracle-Identity-Cloud-Service/demo/contents/resources/tomcat/webapps/manager has finished in 15 ms
29-Jan-2018 12:37:58.320 INFO [main] org.apache.catalina.startup.HostConfig.deployDirectory Deploying web application directory /Users/indraniljha/oracle/US-2014-Current/FY18/Work/Internal/Assets/Github/Oracle-Identity-Cloud-Service/demo/contents/resources/tomcat/webapps/ROOT
29-Jan-2018 12:37:58.331 INFO [main] org.apache.catalina.startup.HostConfig.deployDirectory Deployment of web application directory /Users/indraniljha/oracle/US-2014-Current/FY18/Work/Internal/Assets/Github/Oracle-Identity-Cloud-Service/demo/contents/resources/tomcat/webapps/ROOT has finished in 11 ms
29-Jan-2018 12:37:58.333 INFO [main] org.apache.coyote.AbstractProtocol.start Starting ProtocolHandler ["http-nio-9095"]
29-Jan-2018 12:37:58.340 INFO [main] org.apache.coyote.AbstractProtocol.start Starting ProtocolHandler ["ajp-nio-8009"]
29-Jan-2018 12:37:58.341 INFO [main] org.apache.catalina.startup.Catalina.start Server startup in 533 ms
29-Jan-2018 16:03:03.515 INFO [main] org.apache.catalina.core.StandardServer.await A valid shutdown command was received via the shutdown port. Stopping the Server instance.
29-Jan-2018 16:03:03.518 INFO [main] org.apache.coyote.AbstractProtocol.pause Pausing ProtocolHandler ["http-nio-9095"]
29-Jan-2018 16:03:03.575 INFO [main] org.apache.coyote.AbstractProtocol.pause Pausing ProtocolHandler ["ajp-nio-8009"]
29-Jan-2018 16:03:03.629 INFO [main] org.apache.catalina.core.StandardService.stopInternal Stopping service Catalina
29-Jan-2018 16:03:03.645 INFO [main] org.apache.coyote.AbstractProtocol.stop Stopping ProtocolHandler ["http-nio-9095"]
29-Jan-2018 16:03:03.648 INFO [main] org.apache.coyote.AbstractProtocol.stop Stopping ProtocolHandler ["ajp-nio-8009"]
29-Jan-2018 16:03:03.665 INFO [main] org.apache.coyote.AbstractProtocol.destroy Destroying ProtocolHandler ["http-nio-9095"]
29-Jan-2018 16:03:03.667 INFO [main] org.apache.coyote.AbstractProtocol.destroy Destroying ProtocolHandler ["ajp-nio-8009"]
